2025-05-22 14:28:31,881 - config_manager - INFO - 成功載入設定檔
2025-05-22 14:28:32,100 - ui_manager - WARNING - 設定字體大小時發生錯誤: unknown option "-font"
2025-05-22 14:28:32,124 - ui_manager - WARNING - 設定字體大小時發生錯誤: unknown option "-font"
2025-05-22 14:28:32,145 - ui_manager - WARNING - 設定字體大小時發生錯誤: unknown option "-font"
2025-05-22 14:28:32,145 - ui_manager - WARNING - 設定字體大小時發生錯誤: unknown option "-font"
2025-05-22 14:28:32,184 - ui_manager - INFO - UI初始化完成
2025-05-22 14:28:40,672 - __main__ - INFO - 程式初始化完成
2025-05-22 14:28:57,954 - config_manager - INFO - 成功儲存設定
2025-05-22 14:28:57,954 - ui_manager - INFO - 選擇錯誤碼XML檔案: D:/((Python TOOL/compare_errorcode_ver1/VER3/EXCEL/Test Item Code V2.00_20241106.xlsx
2025-05-22 14:29:02,270 - config_manager - INFO - 成功儲存設定
2025-05-22 14:29:02,270 - ui_manager - INFO - 選擇來源Excel檔案: D:/((Python TOOL/compare_errorcode_ver1/VER3/EXCEL/VALO360_TestFlow_20250423_Function.xlsx
2025-05-22 14:29:15,483 - config_manager - INFO - 成功儲存設定
2025-05-22 14:29:15,483 - ui_manager - INFO - 選擇來源Excel檔案: D:/((Python TOOL/compare_errorcode_ver1/VER3/EXCEL/VALO360_TestFlow_20250423_Function.xlsx
2025-05-22 14:33:38,980 - config_manager - INFO - 成功載入設定檔
2025-05-22 14:33:39,091 - ui_manager - WARNING - 設定字體大小時發生錯誤: unknown option "-font"
2025-05-22 14:33:39,091 - ui_manager - WARNING - 設定字體大小時發生錯誤: unknown option "-font"
2025-05-22 14:33:39,091 - ui_manager - WARNING - 設定字體大小時發生錯誤: unknown option "-font"
2025-05-22 14:33:39,091 - ui_manager - WARNING - 設定字體大小時發生錯誤: unknown option "-font"
2025-05-22 14:33:39,144 - ui_manager - INFO - UI初始化完成
2025-05-22 14:33:42,556 - __main__ - INFO - 程式初始化完成
2025-05-22 14:33:46,610 - config_manager - INFO - 成功儲存設定
2025-05-22 14:33:46,610 - ui_manager - INFO - 選擇來源Excel檔案: D:/((Python TOOL/compare_errorcode_ver1/VER3/EXCEL/VALO360_TestFlow_20250423_Function.xlsx
2025-05-22 14:33:46,681 - ui_manager - INFO - 更新工作表列表: ['Properties', 'DUTs', 'Switch', 'Instrument', 'Funtion', 'TEMP']
2025-05-22 14:33:51,398 - config_manager - INFO - 成功儲存設定
2025-05-22 14:33:51,398 - ui_manager - INFO - 選擇錯誤碼XML檔案: D:/((Python TOOL/compare_errorcode_ver1/VER3/EXCEL/Test Item Code V2.00_20241106.xlsx
2025-05-22 14:33:53,444 - excel_handler - INFO - 成功載入錯誤碼檔案: D:/((Python TOOL/compare_errorcode_ver1/VER3/EXCEL/Test Item Code V2.00_20241106.xlsx
2025-05-22 14:33:53,945 - excel_handler - INFO - 成功載入來源工作表: Funtion
2025-05-22 14:33:53,961 - excel_handler - INFO - 成功完成資料比對
2025-05-22 14:33:55,899 - ui_manager - INFO - 檔案已存在: 檔案 D:\((Python TOOL\compare_errorcode_ver1\VER3\EXCEL\VALO360_TestFlow_20250423_Function_compare_ERRORCODE.xlsx 已存在，是否要覆蓋？ - 使用者選擇: True
2025-05-22 14:34:00,393 - excel_handler - INFO - 成功格式化Excel檔案
2025-05-22 14:34:00,393 - excel_handler - INFO - 成功儲存比對結果: D:\((Python TOOL\compare_errorcode_ver1\VER3\EXCEL\VALO360_TestFlow_20250423_Function_compare_ERRORCODE.xlsx
2025-05-22 14:34:01,483 - ui_manager - INFO - 成功: 比對完成，結果已儲存於： D:\((Python TOOL\compare_errorcode_ver1\VER3\EXCEL\VALO360_TestFlow_20250423_Function_compare_ERRORCODE.xlsx
2025-05-22 14:34:01,483 - config_manager - INFO - 成功儲存設定
2025-05-22 16:00:37,563 - config_manager - INFO - 成功載入設定檔
2025-05-22 16:00:37,835 - ui_manager - WARNING - 設定字體大小時發生錯誤: unknown option "-font"
2025-05-22 16:00:37,865 - ui_manager - WARNING - 設定字體大小時發生錯誤: unknown option "-font"
2025-05-22 16:00:37,879 - ui_manager - WARNING - 設定字體大小時發生錯誤: unknown option "-font"
2025-05-22 16:00:37,879 - ui_manager - WARNING - 設定字體大小時發生錯誤: unknown option "-font"
2025-05-22 16:00:37,922 - ui_manager - INFO - UI初始化完成
2025-05-22 16:00:42,002 - __main__ - INFO - 程式初始化完成
2025-05-22 16:00:46,504 - config_manager - INFO - 成功儲存設定
2025-05-22 16:00:46,504 - ui_manager - INFO - 選擇錯誤碼XML檔案: D:/((Python TOOL/compare_errorcode_ver1/VER3/EXCEL/Test Item Code V2.00_20241106.xlsx
2025-05-22 16:00:48,597 - config_manager - INFO - 成功儲存設定
2025-05-22 16:00:48,597 - ui_manager - INFO - 選擇來源Excel檔案: D:/((Python TOOL/compare_errorcode_ver1/VER3/EXCEL/VALO360_TestFlow_20250423_Function.xlsx
2025-05-22 16:00:48,677 - ui_manager - INFO - 更新工作表列表: ['Properties', 'DUTs', 'Switch', 'Instrument', 'Funtion', 'TEMP']
2025-05-22 16:00:53,391 - excel_handler - INFO - 成功載入錯誤碼檔案: D:/((Python TOOL/compare_errorcode_ver1/VER3/EXCEL/Test Item Code V2.00_20241106.xlsx
2025-05-22 16:00:53,910 - excel_handler - INFO - 成功載入來源工作表: Funtion
2025-05-22 16:00:56,520 - ui_manager - INFO - 檔案已存在: 檔案 D:\((Python TOOL\compare_errorcode_ver1\VER3\EXCEL\VALO360_TestFlow_20250423_Function_compare_ERRORCODE.xlsx 已存在，是否要覆蓋？ - 使用者選擇: True
2025-05-22 16:00:57,315 - excel_handler - ERROR - 儲存比對結果時發生錯誤: [Errno 13] Permission denied: 'D:\\((Python TOOL\\compare_errorcode_ver1\\VER3\\EXCEL\\VALO360_TestFlow_20250423_Function_compare_ERRORCODE.xlsx'
2025-05-22 16:00:58,472 - ui_manager - ERROR - 錯誤: 儲存結果失敗
2025-05-22 16:01:06,997 - excel_handler - INFO - 成功載入錯誤碼檔案: D:/((Python TOOL/compare_errorcode_ver1/VER3/EXCEL/Test Item Code V2.00_20241106.xlsx
2025-05-22 16:01:07,483 - excel_handler - INFO - 成功載入來源工作表: Funtion
2025-05-22 16:01:09,672 - ui_manager - INFO - 檔案已存在: 檔案 D:\((Python TOOL\compare_errorcode_ver1\VER3\EXCEL\VALO360_TestFlow_20250423_Function_compare_ERRORCODE.xlsx 已存在，是否要覆蓋？ - 使用者選擇: True
2025-05-22 16:01:14,463 - excel_handler - INFO - 成功格式化Excel檔案
2025-05-22 16:01:14,463 - excel_handler - INFO - 成功儲存比對結果: D:\((Python TOOL\compare_errorcode_ver1\VER3\EXCEL\VALO360_TestFlow_20250423_Function_compare_ERRORCODE.xlsx
2025-05-22 16:01:16,011 - ui_manager - INFO - 成功: 比對完成，結果已儲存於： D:\((Python TOOL\compare_errorcode_ver1\VER3\EXCEL\VALO360_TestFlow_20250423_Function_compare_ERRORCODE.xlsx
2025-05-22 16:01:16,011 - config_manager - INFO - 成功儲存設定
2025-05-26 14:59:04,155 - config_manager - INFO - 成功載入設定檔
2025-05-26 14:59:13,275 - config_manager - INFO - 成功儲存設定
2025-05-26 14:59:13,275 - config_manager - INFO - 成功儲存設定
2025-05-26 14:59:50,704 - config_manager - INFO - 成功儲存設定
2025-05-26 14:59:55,450 - config_manager - INFO - 成功儲存設定
2025-05-26 14:59:55,720 - config_manager - INFO - 成功儲存設定
2025-05-26 15:06:14,555 - config_manager - INFO - 成功載入設定檔
2025-05-26 15:06:16,736 - config_manager - INFO - 成功儲存設定
2025-05-26 15:06:27,579 - config_manager - INFO - 成功儲存設定
2025-05-26 15:06:29,131 - config_manager - INFO - 成功儲存設定
2025-05-26 15:06:30,195 - config_manager - INFO - 成功儲存設定
2025-05-26 15:06:37,255 - config_manager - INFO - 成功儲存設定
2025-05-26 15:06:37,255 - config_manager - INFO - 成功儲存設定
2025-05-26 15:06:43,863 - config_manager - INFO - 成功儲存設定
2025-05-26 15:07:12,598 - config_manager - INFO - 成功儲存設定
2025-05-26 15:07:19,688 - config_manager - INFO - 成功儲存設定
2025-05-26 15:07:42,250 - config_manager - INFO - 成功儲存設定
2025-05-26 15:07:42,715 - config_manager - INFO - 成功儲存設定
2025-05-26 15:07:43,649 - config_manager - INFO - 成功儲存設定
2025-05-26 15:07:43,978 - config_manager - INFO - 成功儲存設定
2025-05-26 15:12:20,818 - config_manager - INFO - 成功載入設定檔
2025-05-26 15:12:22,928 - config_manager - INFO - 成功儲存設定
2025-05-26 15:13:29,179 - config_manager - INFO - 成功儲存設定
2025-05-26 15:16:45,749 - config_manager - INFO - 成功儲存設定
2025-05-26 15:18:13,506 - config_manager - INFO - 成功載入設定檔
2025-05-26 15:18:15,827 - config_manager - INFO - 成功儲存設定
2025-05-26 15:19:12,805 - config_manager - INFO - 成功儲存設定
2025-05-26 15:19:19,525 - config_manager - INFO - 成功載入設定檔
2025-05-26 15:19:21,666 - config_manager - INFO - 成功儲存設定
2025-05-26 15:19:37,508 - config_manager - INFO - 成功儲存設定
2025-05-26 15:20:47,582 - config_manager - INFO - 成功儲存設定
2025-05-26 15:20:48,611 - config_manager - INFO - 成功儲存設定
2025-05-26 15:20:48,969 - config_manager - INFO - 成功儲存設定
2025-05-26 15:20:49,825 - config_manager - INFO - 成功儲存設定
2025-05-26 15:20:59,418 - config_manager - INFO - 成功儲存設定
2025-05-26 15:21:25,631 - config_manager - INFO - 成功儲存設定
2025-05-26 15:22:07,873 - config_manager - INFO - 成功載入設定檔
2025-05-26 15:22:09,984 - config_manager - INFO - 成功儲存設定
2025-05-26 15:22:17,121 - config_manager - INFO - 成功儲存設定
2025-05-26 15:34:20,178 - config_manager - INFO - 成功載入設定檔
2025-05-26 15:34:22,501 - config_manager - INFO - 成功儲存設定
2025-05-26 15:34:33,695 - config_manager - INFO - 成功儲存設定
2025-05-26 15:34:50,234 - config_manager - INFO - 成功儲存設定
2025-05-26 15:37:06,290 - config_manager - INFO - 成功載入設定檔
2025-05-26 15:37:08,454 - config_manager - INFO - 成功儲存設定
2025-05-26 15:39:44,283 - config_manager - INFO - 成功載入設定檔
2025-05-26 15:39:46,420 - config_manager - INFO - 成功儲存設定
2025-05-26 15:40:34,281 - config_manager - INFO - 成功載入設定檔
2025-05-26 15:40:36,900 - config_manager - INFO - 成功儲存設定
2025-05-26 15:41:09,350 - config_manager - INFO - 成功儲存設定
2025-05-26 15:41:24,979 - config_manager - INFO - 成功儲存設定
2025-05-26 15:41:34,118 - config_manager - INFO - 成功儲存設定
2025-05-26 15:47:47,219 - config_manager - INFO - 成功載入設定檔
2025-05-26 15:47:49,315 - config_manager - INFO - 成功儲存設定
2025-05-26 15:48:12,152 - config_manager - INFO - 成功儲存設定
2025-05-26 15:51:23,296 - config_manager - INFO - 成功載入設定檔
2025-05-26 15:51:25,395 - config_manager - INFO - 成功儲存設定
